Build started 2/20/2011 8:09:57 PM.
     1>Project "C:\Users\Andrew\Desktop\Spring 2011\Elements of Computing\cs498\src\project06\ecs06\ecs06\ecs06.vcxproj" on node 2 (build target(s)).
     1>PrepareForBuild:
         Creating directory "C:\Users\Andrew\Desktop\Spring 2011\Elements of Computing\cs498\src\project06\ecs06\Debug\".
       InitializeBuildStatus:
         Creating "Debug\ecs06.unsuccessfulbuild" because "AlwaysCreate" was specified.
       ClCompile:
         C:\Program Files (x86)\Microsoft Visual Studio 10.0\VC\bin\CL.exe /c /ZI /nologo /W3 /WX- /Od /Oy- /D _MBCS /Gm /EHsc /RTC1 /MDd /GS /fp:precise /Zc:wchar_t /Zc:forScope /Fo"Debug\\" /Fd"Debug\vc100.pdb" /Gd /TP /analyze- /errorReport:prompt driver.cpp
         driver.cpp
       Link:
         C:\Program Files (x86)\Microsoft Visual Studio 10.0\VC\bin\link.exe /ERRORREPORT:PROMPT /OUT:"C:\Users\Andrew\Desktop\Spring 2011\Elements of Computing\cs498\src\project06\ecs06\Debug\ecs06.exe" /NOLOGO kernel32.lib user32.lib gdi32.lib winspool.lib comdlg32.lib advapi32.lib shell32.lib ole32.lib oleaut32.lib uuid.lib odbc32.lib odbccp32.lib /MANIFEST /ManifestFile:"Debug\ecs06.exe.intermediate.manifest" /MANIFESTUAC:"level='asInvoker' uiAccess='false'" /DEBUG /PDB:"C:\Users\Andrew\Desktop\Spring 2011\Elements of Computing\cs498\src\project06\ecs06\Debug\ecs06.pdb" /TLBID:1 /DYNAMICBASE /NXCOMPAT /IMPLIB:"C:\Users\Andrew\Desktop\Spring 2011\Elements of Computing\cs498\src\project06\ecs06\Debug\ecs06.lib" /MACHINE:X86 Debug\driver.obj
         ecs06.vcxproj -> C:\Users\Andrew\Desktop\Spring 2011\Elements of Computing\cs498\src\project06\ecs06\Debug\ecs06.exe
       Manifest:
         C:\Program Files (x86)\Microsoft SDKs\Windows\v7.0A\bin\mt.exe /nologo /verbose /outputresource:"C:\Users\Andrew\Desktop\Spring 2011\Elements of Computing\cs498\src\project06\ecs06\Debug\ecs06.exe;#1" /manifest Debug\ecs06.exe.intermediate.manifest
       FinalizeBuildStatus:
         Deleting file "Debug\ecs06.unsuccessfulbuild".
         Touching "Debug\ecs06.lastbuildstate".
     1>Done Building Project "C:\Users\Andrew\Desktop\Spring 2011\Elements of Computing\cs498\src\project06\ecs06\ecs06\ecs06.vcxproj" (build target(s)).

Build succeeded.

Time Elapsed 00:00:01.67
